<?xml version="1.0" encoding="UTF-8"?>
<testng-results skipped="4" failed="0" total="4" passed="0">
  <reporter-output>
  </reporter-output>
  <suite name="Suite" duration-ms="17832" started-at="2015-01-13T18:13:36Z" finished-at="2015-01-13T18:13:54Z">
    <groups>
    </groups>
    <test name="Test" duration-ms="17832" started-at="2015-01-13T18:13:36Z" finished-at="2015-01-13T18:13:54Z">
      <class name="com.acttime.projectandcustomertest.ProjectAndCustomerTest">
        <test-method status="PASS" signature="configBeforeClass()[pri:0, instance:com.acttime.projectandcustomertest.ProjectAndCustomerTest@64d40911]" name="configBeforeClass" is-config="true" duration-ms="8931" started-at="2015-01-13T23:43:36Z" finished-at="2015-01-13T23:43:45Z">
          <reporter-output>
          </reporter-output>
        </test-method> <!-- configBeforeClass -->
        <test-method status="FAIL" signature="configBeforeMts()[pri:0, instance:com.acttime.projectandcustomertest.ProjectAndCustomerTest@64d40911]" name="configBeforeMts" is-config="true" duration-ms="0" started-at="2015-01-13T23:43:45Z" finished-at="2015-01-13T23:43:45Z">
          <exception class="org.openqa.selenium.remote.UnreachableBrowserException">
            <message>
              <![CDATA[Error communicating with the remote browser. It may have died.
Build info: version: '2.42.2', revision: '6a6995d', time: '2014-06-03 17:42:03'
System info: host: 'ADMIN-PC', ip: '192.168.1.2', os.name: 'Windows 7', os.arch: 'amd64', os.version: '6.1', java.version: '1.7.0'
Driver info: driver.version: FirefoxDriver]]>
            </message>
            <full-stacktrace>
              <![CDATA[org.openqa.selenium.remote.UnreachableBrowserException: Error communicating with the remote browser. It may have died.
Build info: version: '2.42.2', revision: '6a6995d', time: '2014-06-03 17:42:03'
System info: host: 'ADMIN-PC', ip: '192.168.1.2', os.name: 'Windows 7', os.arch: 'amd64', os.version: '6.1', java.version: '1.7.0'
Driver info: driver.version: FirefoxDriver
	at org.openqa.selenium.remote.RemoteWebDriver.execute(RemoteWebDriver.java:593)
	at org.openqa.selenium.firefox.FirefoxDriver.access$0(FirefoxDriver.java:1)
	at org.openqa.selenium.firefox.FirefoxDriver$1$1.implicitlyWait(FirefoxDriver.java:219)
	at com.actitime.genericlib.WebDriverCommonLib.waitForPageToLoad(WebDriverCommonLib.java:19)
	at com.acttim.businesslib.ProjectAndCustLib.navigateProjectAndCustPage(ProjectAndCustLib.java:23)
	at com.acttime.projectandcustomertest.ProjectAndCustomerTest.configBeforeMts(ProjectAndCustomerTest.java:60)
	at sun.reflect.NativeMethodAccessorImpl.invoke0(Native Method)
	at sun.reflect.NativeMethodAccessorImpl.invoke(Unknown Source)
	at sun.reflect.DelegatingMethodAccessorImpl.invoke(Unknown Source)
	at java.lang.reflect.Method.invoke(Unknown Source)
	at org.testng.internal.MethodInvocationHelper.invokeMethod(MethodInvocationHelper.java:84)
	at org.testng.internal.Invoker.invokeConfigurationMethod(Invoker.java:564)
	at org.testng.internal.Invoker.invokeConfigurations(Invoker.java:213)
	at org.testng.internal.Invoker.invokeMethod(Invoker.java:653)
	at org.testng.internal.Invoker.invokeTestMethod(Invoker.java:901)
	at org.testng.internal.Invoker.invokeTestMethods(Invoker.java:1231)
	at org.testng.internal.TestMethodWorker.invokeTestMethods(TestMethodWorker.java:127)
	at org.testng.internal.TestMethodWorker.run(TestMethodWorker.java:111)
	at org.testng.TestRunner.privateRun(TestRunner.java:767)
	at org.testng.TestRunner.run(TestRunner.java:617)
	at org.testng.SuiteRunner.runTest(SuiteRunner.java:334)
	at org.testng.SuiteRunner.runSequentially(SuiteRunner.java:329)
	at org.testng.SuiteRunner.privateRun(SuiteRunner.java:291)
	at org.testng.SuiteRunner.run(SuiteRunner.java:240)
	at org.testng.SuiteRunnerWorker.runSuite(SuiteRunnerWorker.java:52)
	at org.testng.SuiteRunnerWorker.run(SuiteRunnerWorker.java:86)
	at org.testng.TestNG.runSuitesSequentially(TestNG.java:1224)
	at org.testng.TestNG.runSuitesLocally(TestNG.java:1149)
	at org.testng.TestNG.run(TestNG.java:1057)
	at org.testng.remote.RemoteTestNG.run(RemoteTestNG.java:111)
	at org.testng.remote.RemoteTestNG.initAndRun(RemoteTestNG.java:204)
	at org.testng.remote.RemoteTestNG.main(RemoteTestNG.java:175)
Caused by: org.apache.http.conn.HttpHostConnectException: Connect to 127.0.0.1:7055 [/127.0.0.1] failed: Connection refused: connect
	at org.apache.http.impl.conn.HttpClientConnectionOperator.connect(HttpClientConnectionOperator.java:138)
	at org.apache.http.impl.conn.PoolingHttpClientConnectionManager.connect(PoolingHttpClientConnectionManager.java:314)
	at org.apache.http.impl.execchain.MainClientExec.establishRoute(MainClientExec.java:363)
	at org.apache.http.impl.execchain.MainClientExec.execute(MainClientExec.java:219)
	at org.apache.http.impl.execchain.ProtocolExec.execute(ProtocolExec.java:195)
	at org.apache.http.impl.execchain.RetryExec.execute(RetryExec.java:85)
	at org.apache.http.impl.execchain.RedirectExec.execute(RedirectExec.java:108)
	at org.apache.http.impl.client.InternalHttpClient.doExecute(InternalHttpClient.java:186)
	at org.apache.http.impl.client.CloseableHttpClient.execute(CloseableHttpClient.java:72)
	at org.apache.http.impl.client.CloseableHttpClient.execute(CloseableHttpClient.java:57)
	at org.openqa.selenium.remote.HttpCommandExecutor.fallBackExecute(HttpCommandExecutor.java:222)
	at org.openqa.selenium.remote.HttpCommandExecutor.execute(HttpCommandExecutor.java:173)
	at org.openqa.selenium.firefox.internal.NewProfileExtensionConnection.execute(NewProfileExtensionConnection.java:165)
	at org.openqa.selenium.firefox.FirefoxDriver$LazyCommandExecutor.execute(FirefoxDriver.java:362)
	at org.openqa.selenium.remote.RemoteWebDriver.execute(RemoteWebDriver.java:572)
	... 31 more
Caused by: java.net.ConnectException: Connection refused: connect
	at java.net.DualStackPlainSocketImpl.waitForConnect(Native Method)
	at java.net.DualStackPlainSocketImpl.socketConnect(Unknown Source)
	at java.net.AbstractPlainSocketImpl.doConnect(Unknown Source)
	at java.net.AbstractPlainSocketImpl.connectToAddress(Unknown Source)
	at java.net.AbstractPlainSocketImpl.connect(Unknown Source)
	at java.net.PlainSocketImpl.connect(Unknown Source)
	at java.net.SocksSocketImpl.connect(Unknown Source)
	at java.net.Socket.connect(Unknown Source)
	at org.apache.http.conn.socket.PlainConnectionSocketFactory.connectSocket(PlainConnectionSocketFactory.java:72)
	at org.apache.http.impl.conn.HttpClientConnectionOperator.connect(HttpClientConnectionOperator.java:118)
	... 45 more
]]>
            </full-stacktrace>
          </exception> <!-- org.openqa.selenium.remote.UnreachableBrowserException -->
          <reporter-output>
          </reporter-output>
        </test-method> <!-- configBeforeMts -->
        <test-method status="SKIP" signature="createCustomerTest()[pri:0, instance:com.acttime.projectandcustomertest.ProjectAndCustomerTest@64d40911]" name="createCustomerTest" duration-ms="2" started-at="2015-01-13T23:43:53Z" finished-at="2015-01-13T23:43:53Z">
          <reporter-output>
          </reporter-output>
        </test-method> <!-- createCustomerTest -->
        <test-method status="SKIP" signature="configAfterMtd()[pri:0, instance:com.acttime.projectandcustomertest.ProjectAndCustomerTest@64d40911]" name="configAfterMtd" is-config="true" duration-ms="0" started-at="2015-01-13T23:43:53Z" finished-at="2015-01-13T23:43:53Z">
          <reporter-output>
          </reporter-output>
        </test-method> <!-- configAfterMtd -->
        <test-method status="SKIP" signature="configBeforeMts()[pri:0, instance:com.acttime.projectandcustomertest.ProjectAndCustomerTest@64d40911]" name="configBeforeMts" is-config="true" duration-ms="0" started-at="2015-01-13T23:43:53Z" finished-at="2015-01-13T23:43:53Z">
          <reporter-output>
          </reporter-output>
        </test-method> <!-- configBeforeMts -->
        <test-method status="SKIP" signature="verifyCustomerDetailsInWebTableTest()[pri:0, instance:com.acttime.projectandcustomertest.ProjectAndCustomerTest@64d40911]" name="verifyCustomerDetailsInWebTableTest" duration-ms="0" started-at="2015-01-13T23:43:53Z" finished-at="2015-01-13T23:43:53Z">
          <reporter-output>
          </reporter-output>
        </test-method> <!-- verifyCustomerDetailsInWebTableTest -->
        <test-method status="SKIP" signature="configAfterMtd()[pri:0, instance:com.acttime.projectandcustomertest.ProjectAndCustomerTest@64d40911]" name="configAfterMtd" is-config="true" duration-ms="0" started-at="2015-01-13T23:43:53Z" finished-at="2015-01-13T23:43:53Z">
          <reporter-output>
          </reporter-output>
        </test-method> <!-- configAfterMtd -->
        <test-method status="SKIP" signature="configAfterclass()[pri:0, instance:com.acttime.projectandcustomertest.ProjectAndCustomerTest@64d40911]" name="configAfterclass" is-config="true" duration-ms="0" started-at="2015-01-13T23:43:53Z" finished-at="2015-01-13T23:43:53Z">
          <reporter-output>
          </reporter-output>
        </test-method> <!-- configAfterclass -->
      </class> <!-- com.acttime.projectandcustomertest.ProjectAndCustomerTest -->
      <class name="com.acttime.reporttest.ReportTest">
        <test-method status="PASS" signature="configBeforeClass()[pri:0, instance:com.acttime.reporttest.ReportTest@2e4e3801]" name="configBeforeClass" is-config="true" duration-ms="5" started-at="2015-01-13T23:43:53Z" finished-at="2015-01-13T23:43:53Z">
          <reporter-output>
          </reporter-output>
        </test-method> <!-- configBeforeClass -->
        <test-method status="FAIL" signature="configBeforeMts()[pri:0, instance:com.acttime.reporttest.ReportTest@2e4e3801]" name="configBeforeMts" is-config="true" duration-ms="0" started-at="2015-01-13T23:43:53Z" finished-at="2015-01-13T23:43:53Z">
          <exception class="org.openqa.selenium.remote.UnreachableBrowserException">
            <message>
              <![CDATA[Error communicating with the remote browser. It may have died.
Build info: version: '2.42.2', revision: '6a6995d', time: '2014-06-03 17:42:03'
System info: host: 'ADMIN-PC', ip: '192.168.1.2', os.name: 'Windows 7', os.arch: 'amd64', os.version: '6.1', java.version: '1.7.0'
Driver info: driver.version: RemoteWebDriver]]>
            </message>
            <full-stacktrace>
              <![CDATA[org.openqa.selenium.remote.UnreachableBrowserException: Error communicating with the remote browser. It may have died.
Build info: version: '2.42.2', revision: '6a6995d', time: '2014-06-03 17:42:03'
System info: host: 'ADMIN-PC', ip: '192.168.1.2', os.name: 'Windows 7', os.arch: 'amd64', os.version: '6.1', java.version: '1.7.0'
Driver info: driver.version: RemoteWebDriver
	at org.openqa.selenium.remote.RemoteWebDriver.execute(RemoteWebDriver.java:593)
	at org.openqa.selenium.remote.RemoteWebDriver.get(RemoteWebDriver.java:304)
	at com.acttim.businesslib.CommonLib.loginTOAPP(CommonLib.java:18)
	at com.acttime.reporttest.ReportTest.configBeforeMts(ReportTest.java:57)
	at sun.reflect.NativeMethodAccessorImpl.invoke0(Native Method)
	at sun.reflect.NativeMethodAccessorImpl.invoke(Unknown Source)
	at sun.reflect.DelegatingMethodAccessorImpl.invoke(Unknown Source)
	at java.lang.reflect.Method.invoke(Unknown Source)
	at org.testng.internal.MethodInvocationHelper.invokeMethod(MethodInvocationHelper.java:84)
	at org.testng.internal.Invoker.invokeConfigurationMethod(Invoker.java:564)
	at org.testng.internal.Invoker.invokeConfigurations(Invoker.java:213)
	at org.testng.internal.Invoker.invokeMethod(Invoker.java:653)
	at org.testng.internal.Invoker.invokeTestMethod(Invoker.java:901)
	at org.testng.internal.Invoker.invokeTestMethods(Invoker.java:1231)
	at org.testng.internal.TestMethodWorker.invokeTestMethods(TestMethodWorker.java:127)
	at org.testng.internal.TestMethodWorker.run(TestMethodWorker.java:111)
	at org.testng.TestRunner.privateRun(TestRunner.java:767)
	at org.testng.TestRunner.run(TestRunner.java:617)
	at org.testng.SuiteRunner.runTest(SuiteRunner.java:334)
	at org.testng.SuiteRunner.runSequentially(SuiteRunner.java:329)
	at org.testng.SuiteRunner.privateRun(SuiteRunner.java:291)
	at org.testng.SuiteRunner.run(SuiteRunner.java:240)
	at org.testng.SuiteRunnerWorker.runSuite(SuiteRunnerWorker.java:52)
	at org.testng.SuiteRunnerWorker.run(SuiteRunnerWorker.java:86)
	at org.testng.TestNG.runSuitesSequentially(TestNG.java:1224)
	at org.testng.TestNG.runSuitesLocally(TestNG.java:1149)
	at org.testng.TestNG.run(TestNG.java:1057)
	at org.testng.remote.RemoteTestNG.run(RemoteTestNG.java:111)
	at org.testng.remote.RemoteTestNG.initAndRun(RemoteTestNG.java:204)
	at org.testng.remote.RemoteTestNG.main(RemoteTestNG.java:175)
Caused by: org.apache.http.conn.HttpHostConnectException: Connect to 127.0.0.1:7055 [/127.0.0.1] failed: Connection refused: connect
	at org.apache.http.impl.conn.HttpClientConnectionOperator.connect(HttpClientConnectionOperator.java:138)
	at org.apache.http.impl.conn.PoolingHttpClientConnectionManager.connect(PoolingHttpClientConnectionManager.java:314)
	at org.apache.http.impl.execchain.MainClientExec.establishRoute(MainClientExec.java:363)
	at org.apache.http.impl.execchain.MainClientExec.execute(MainClientExec.java:219)
	at org.apache.http.impl.execchain.ProtocolExec.execute(ProtocolExec.java:195)
	at org.apache.http.impl.execchain.RetryExec.execute(RetryExec.java:85)
	at org.apache.http.impl.execchain.RedirectExec.execute(RedirectExec.java:108)
	at org.apache.http.impl.client.InternalHttpClient.doExecute(InternalHttpClient.java:186)
	at org.apache.http.impl.client.CloseableHttpClient.execute(CloseableHttpClient.java:72)
	at org.apache.http.impl.client.CloseableHttpClient.execute(CloseableHttpClient.java:57)
	at org.openqa.selenium.remote.HttpCommandExecutor.fallBackExecute(HttpCommandExecutor.java:204)
	at org.openqa.selenium.remote.HttpCommandExecutor.execute(HttpCommandExecutor.java:173)
	at org.openqa.selenium.firefox.internal.NewProfileExtensionConnection.execute(NewProfileExtensionConnection.java:165)
	at org.openqa.selenium.firefox.FirefoxDriver$LazyCommandExecutor.execute(FirefoxDriver.java:362)
	at org.openqa.selenium.remote.RemoteWebDriver.execute(RemoteWebDriver.java:572)
	... 29 more
Caused by: java.net.ConnectException: Connection refused: connect
	at java.net.DualStackPlainSocketImpl.waitForConnect(Native Method)
	at java.net.DualStackPlainSocketImpl.socketConnect(Unknown Source)
	at java.net.AbstractPlainSocketImpl.doConnect(Unknown Source)
	at java.net.AbstractPlainSocketImpl.connectToAddress(Unknown Source)
	at java.net.AbstractPlainSocketImpl.connect(Unknown Source)
	at java.net.PlainSocketImpl.connect(Unknown Source)
	at java.net.SocksSocketImpl.connect(Unknown Source)
	at java.net.Socket.connect(Unknown Source)
	at org.apache.http.conn.socket.PlainConnectionSocketFactory.connectSocket(PlainConnectionSocketFactory.java:72)
	at org.apache.http.impl.conn.HttpClientConnectionOperator.connect(HttpClientConnectionOperator.java:118)
	... 43 more
]]>
            </full-stacktrace>
          </exception> <!-- org.openqa.selenium.remote.UnreachableBrowserException -->
          <reporter-output>
          </reporter-output>
        </test-method> <!-- configBeforeMts -->
        <test-method status="SKIP" signature="modifyReportTest()[pri:0, instance:com.acttime.reporttest.ReportTest@2e4e3801]" name="modifyReportTest" duration-ms="0" started-at="2015-01-13T23:43:54Z" finished-at="2015-01-13T23:43:54Z">
          <reporter-output>
          </reporter-output>
        </test-method> <!-- modifyReportTest -->
        <test-method status="SKIP" signature="configAfterMtd()[pri:0, instance:com.acttime.reporttest.ReportTest@2e4e3801]" name="configAfterMtd" is-config="true" duration-ms="0" started-at="2015-01-13T23:43:54Z" finished-at="2015-01-13T23:43:54Z">
          <reporter-output>
          </reporter-output>
        </test-method> <!-- configAfterMtd -->
        <test-method status="SKIP" signature="configAfterMtd()[pri:0, instance:com.acttime.reporttest.ReportTest@2e4e3801]" name="configAfterMtd" is-config="true" duration-ms="0" started-at="2015-01-13T23:43:54Z" finished-at="2015-01-13T23:43:54Z">
          <reporter-output>
          </reporter-output>
        </test-method> <!-- configAfterMtd -->
        <test-method status="SKIP" signature="configBeforeMts()[pri:0, instance:com.acttime.reporttest.ReportTest@2e4e3801]" name="configBeforeMts" is-config="true" duration-ms="0" started-at="2015-01-13T23:43:54Z" finished-at="2015-01-13T23:43:54Z">
          <reporter-output>
          </reporter-output>
        </test-method> <!-- configBeforeMts -->
        <test-method status="SKIP" signature="createReportTest()[pri:0, instance:com.acttime.reporttest.ReportTest@2e4e3801]" name="createReportTest" duration-ms="0" started-at="2015-01-13T23:43:54Z" finished-at="2015-01-13T23:43:54Z">
          <reporter-output>
          </reporter-output>
        </test-method> <!-- createReportTest -->
        <test-method status="SKIP" signature="configAfterclass()[pri:0, instance:com.acttime.reporttest.ReportTest@2e4e3801]" name="configAfterclass" is-config="true" duration-ms="0" started-at="2015-01-13T23:43:54Z" finished-at="2015-01-13T23:43:54Z">
          <reporter-output>
          </reporter-output>
        </test-method> <!-- configAfterclass -->
      </class> <!-- com.acttime.reporttest.ReportTest -->
    </test> <!-- Test -->
  </suite> <!-- Suite -->
</testng-results>
